<?xml version="1.0" encoding="UTF-8"?>
<!-- Generated by org.testng.reporters.JUnitXMLReporter -->
<testsuite ignored="0" hostname="RAHUL" failures="1" tests="5" name="Test" time="46.916" errors="0" timestamp="2024-08-25T22:50:28 IST">
  <testcase classname="TestClasses.loginTest" name="TClogoImageFlipkartIsDisplayed" time="3.011">
    <failure type="java.lang.AssertionError" message="expected [true] but found [false]">
      <![CDATA[java.lang.AssertionError: expected [true] but found [false]
at TestClasses.loginTest.TClogoImageFlipkartIsDisplayed(loginTest.java:30)
at java.base/java.util.ArrayList.forEach(ArrayList.java:1511)
... Removed 31 stack frames]]>
    </failure>
  </testcase> <!-- TClogoImageFlipkartIsDisplayed -->
  <testcase classname="TestClasses.loginTest" name="TClogoImageFlipkartWidth" time="3.046"/>
  <testcase classname="TestClasses.loginTest" name="TClogoImagePlusIsDispalyed" time="3.051"/>
  <testcase classname="TestClasses.loginTest" name="TClogoImagePlusWidth" time="3.04"/>
  <testcase classname="TestClasses.loginTest" name="TClogoTextPlus" time="3.034"/>
</testsuite> <!-- Test -->
